********
epoch: 1     time: 1581
train_loss: 0.5166869697926055
SHAPE: (1024, 1024)
********
epoch: 2     time: 2858
train_loss: 0.39262928517491064
SHAPE: (1024, 1024)
********
epoch: 3     time: 4201
train_loss: 0.35632169692655674
SHAPE: (1024, 1024)
********
epoch: 4     time: 5563
train_loss: 0.33585987161120007
SHAPE: (1024, 1024)
********
epoch: 5     time: 7060
train_loss: 0.3150848347547733
SHAPE: (1024, 1024)
********
epoch: 6     time: 8654
train_loss: 0.2955287817671809
SHAPE: (1024, 1024)
********
epoch: 7     time: 10096
train_loss: 0.2800629913433669
SHAPE: (1024, 1024)
********
epoch: 8     time: 11440
train_loss: 0.26922626862291654
SHAPE: (1024, 1024)
********
epoch: 9     time: 12835
train_loss: 0.25658064059956226
SHAPE: (1024, 1024)
********
epoch: 10     time: 14204
train_loss: 0.24496956975914075
SHAPE: (1024, 1024)
********
epoch: 11     time: 15748
train_loss: 0.23514465501504445
SHAPE: (1024, 1024)
********
epoch: 12     time: 17360
train_loss: 0.22555918895861393
SHAPE: (1024, 1024)
********
epoch: 13     time: 18887
train_loss: 0.21583917800650507
SHAPE: (1024, 1024)
********
epoch: 14     time: 20270
train_loss: 0.2103589541142999
SHAPE: (1024, 1024)
********
epoch: 15     time: 21437
train_loss: 0.20335328188475388
SHAPE: (1024, 1024)
********
epoch: 16     time: 23098
train_loss: 0.19380698424830373
SHAPE: (1024, 1024)
********
epoch: 17     time: 30673
train_loss: 0.18532850489010777
SHAPE: (1024, 1024)
********
epoch: 18     time: 37572
train_loss: 0.18307305273331353
SHAPE: (1024, 1024)
********
epoch: 19     time: 43255
train_loss: 0.17789925086475292
SHAPE: (1024, 1024)
********
epoch: 20     time: 50109
train_loss: 0.16954635252593492
SHAPE: (1024, 1024)
********
epoch: 21     time: 56934
train_loss: 0.16568051715242074
SHAPE: (1024, 1024)
********
epoch: 22     time: 64280
train_loss: 0.15985581017767456
SHAPE: (1024, 1024)
********
epoch: 23     time: 71558
train_loss: 0.15957818364553444
SHAPE: (1024, 1024)
********
epoch: 24     time: 72945
train_loss: 0.15885000101451546
SHAPE: (1024, 1024)
********
epoch: 25     time: 74300
train_loss: 0.15144561235682277
SHAPE: (1024, 1024)
********
epoch: 26     time: 75733
train_loss: 0.1520525736419643
SHAPE: (1024, 1024)
********
epoch: 27     time: 77333
train_loss: 0.145237389600231
SHAPE: (1024, 1024)
********
epoch: 28     time: 78795
train_loss: 0.1410261194676869
SHAPE: (1024, 1024)
********
epoch: 29     time: 80161
train_loss: 0.1375404915215499
SHAPE: (1024, 1024)
********
epoch: 30     time: 81602
train_loss: 0.13804626179405644
SHAPE: (1024, 1024)
********
epoch: 31     time: 83105
train_loss: 0.13245007872591053
SHAPE: (1024, 1024)
********
epoch: 32     time: 87481
train_loss: 0.12781215802926088
SHAPE: (1024, 1024)
********
epoch: 33     time: 88943
train_loss: 0.12952087160173562
SHAPE: (1024, 1024)
********
epoch: 34     time: 89580
train_loss: 0.12576525199945415
SHAPE: (1024, 1024)
********
epoch: 35     time: 90219
train_loss: 0.12633984829744774
SHAPE: (1024, 1024)
********
epoch: 36     time: 90861
train_loss: 0.11693017259862229
SHAPE: (1024, 1024)
********
epoch: 37     time: 91639
train_loss: 0.11740669195630571
SHAPE: (1024, 1024)
********
epoch: 38     time: 92279
train_loss: 0.11692353547356338
SHAPE: (1024, 1024)
********
epoch: 39     time: 93422
train_loss: 0.11567691810950685
SHAPE: (1024, 1024)
********
epoch: 40     time: 94091
train_loss: 0.11426073443156523
SHAPE: (1024, 1024)
********
epoch: 41     time: 94753
train_loss: 0.11343229317280369
SHAPE: (1024, 1024)
********
epoch: 42     time: 95399
train_loss: 0.10789306905400546
SHAPE: (1024, 1024)
********
epoch: 43     time: 96076
train_loss: 0.10540926873722212
SHAPE: (1024, 1024)
********
epoch: 44     time: 96822
train_loss: 0.10970372906912958
SHAPE: (1024, 1024)
********
epoch: 45     time: 97528
train_loss: 0.10652039417794827
SHAPE: (1024, 1024)
********
epoch: 46     time: 98168
train_loss: 0.1076047467277191
SHAPE: (1024, 1024)
********
epoch: 47     time: 98808
train_loss: 0.10369077264812794
SHAPE: (1024, 1024)
********
epoch: 48     time: 105381
train_loss: 0.09710756770897999
SHAPE: (1024, 1024)
********
epoch: 49     time: 111002
train_loss: 0.10062013882078953
SHAPE: (1024, 1024)
********
epoch: 50     time: 111647
train_loss: 0.10665534740085393
SHAPE: (1024, 1024)
********
epoch: 51     time: 112287
train_loss: 0.09859048877827771
SHAPE: (1024, 1024)
********
epoch: 52     time: 112933
train_loss: 0.09687279636613359
SHAPE: (1024, 1024)
********
epoch: 53     time: 119607
train_loss: 0.08973612363809719
SHAPE: (1024, 1024)
********
epoch: 54     time: 125013
train_loss: 0.0920000716364376
SHAPE: (1024, 1024)
********
epoch: 55     time: 125660
train_loss: 0.09463223429993704
SHAPE: (1024, 1024)
********
epoch: 56     time: 126309
train_loss: 0.09427448930356391
SHAPE: (1024, 1024)
********
epoch: 57     time: 126957
train_loss: 0.09028365533361085
SHAPE: (1024, 1024)
update learning rate: 0.000200 -> 0.000040
********
epoch: 58     time: 127606
train_loss: 0.0885361697890855
SHAPE: (1024, 1024)
********
epoch: 59     time: 133023
train_loss: 0.07523777419503828
SHAPE: (1024, 1024)
********
epoch: 60     time: 139980
train_loss: 0.0668627225561217
SHAPE: (1024, 1024)
********
epoch: 61     time: 146911
train_loss: 0.060777187041158316
SHAPE: (1024, 1024)
********
epoch: 62     time: 152860
train_loss: 0.056481138258148406
SHAPE: (1024, 1024)
********
epoch: 63     time: 157462
train_loss: 0.054032944077021736
SHAPE: (1024, 1024)
