********
epoch: 1     time: 430
train_loss: 0.6538551349318429
SHAPE: (1024, 1024)
********
epoch: 2     time: 869
train_loss: 0.4071780483374435
SHAPE: (1024, 1024)
********
epoch: 3     time: 1310
train_loss: 0.3655979793345373
SHAPE: (1024, 1024)
********
epoch: 4     time: 1750
train_loss: 0.3361031109553853
SHAPE: (1024, 1024)
********
epoch: 5     time: 2190
train_loss: 0.3163016104822557
SHAPE: (1024, 1024)
********
epoch: 6     time: 2632
train_loss: 0.2991318557034717
SHAPE: (1024, 1024)
********
epoch: 7     time: 3071
train_loss: 0.2838445613414862
SHAPE: (1024, 1024)
********
epoch: 8     time: 3511
train_loss: 0.27169403960004473
SHAPE: (1024, 1024)
********
epoch: 9     time: 3951
train_loss: 0.2579238068186835
SHAPE: (1024, 1024)
********
epoch: 10     time: 4390
train_loss: 0.24630169945964844
SHAPE: (1024, 1024)
********
epoch: 11     time: 4829
train_loss: 0.2401041504276698
SHAPE: (1024, 1024)
********
epoch: 12     time: 5266
train_loss: 0.22475111793074906
SHAPE: (1024, 1024)
********
epoch: 13     time: 5705
train_loss: 0.21739771811479933
SHAPE: (1024, 1024)
********
epoch: 14     time: 6144
train_loss: 0.20823114328265765
SHAPE: (1024, 1024)
********
epoch: 15     time: 6583
train_loss: 0.2025013616843744
SHAPE: (1024, 1024)
********
epoch: 16     time: 7022
train_loss: 0.1946991596185568
SHAPE: (1024, 1024)
********
epoch: 17     time: 7461
train_loss: 0.1896114034359949
SHAPE: (1024, 1024)
********
epoch: 18     time: 7903
train_loss: 0.18674776701923357
SHAPE: (1024, 1024)
********
epoch: 19     time: 8344
train_loss: 0.19234528862549827
SHAPE: (1024, 1024)
********
epoch: 20     time: 8784
train_loss: 0.17195751144884103
SHAPE: (1024, 1024)
********
epoch: 21     time: 9225
train_loss: 0.16655422424236807
SHAPE: (1024, 1024)
********
epoch: 22     time: 9665
train_loss: 0.1658653999958337
SHAPE: (1024, 1024)
********
epoch: 23     time: 10105
train_loss: 0.16716633484748164
SHAPE: (1024, 1024)
********
epoch: 24     time: 10545
train_loss: 0.1640659917630315
SHAPE: (1024, 1024)
********
epoch: 25     time: 10985
train_loss: 0.15998824010117288
SHAPE: (1024, 1024)
********
epoch: 26     time: 11425
train_loss: 0.15188815859692054
SHAPE: (1024, 1024)
********
epoch: 27     time: 11866
train_loss: 0.14729986628024191
SHAPE: (1024, 1024)
********
epoch: 28     time: 12307
train_loss: 0.15109853994214897
SHAPE: (1024, 1024)
********
epoch: 29     time: 12749
train_loss: 0.15773312255955432
SHAPE: (1024, 1024)
********
epoch: 30     time: 13190
train_loss: 0.1472823406251246
SHAPE: (1024, 1024)
********
epoch: 31     time: 13632
train_loss: 0.13735016615968645
SHAPE: (1024, 1024)
********
epoch: 32     time: 14072
train_loss: 0.13669719377212694
SHAPE: (1024, 1024)
********
epoch: 33     time: 14513
train_loss: 0.13834461990749855
SHAPE: (1024, 1024)
********
epoch: 34     time: 14953
train_loss: 0.13838045336126706
SHAPE: (1024, 1024)
********
epoch: 35     time: 15392
train_loss: 0.13233076647091446
SHAPE: (1024, 1024)
********
epoch: 36     time: 15835
train_loss: 0.12773910914674808
SHAPE: (1024, 1024)
********
epoch: 37     time: 16277
train_loss: 0.12623235439794978
SHAPE: (1024, 1024)
********
epoch: 38     time: 16718
train_loss: 0.12955225365502493
SHAPE: (1024, 1024)
********
epoch: 39     time: 17157
train_loss: 0.13029782286281572
SHAPE: (1024, 1024)
********
epoch: 40     time: 17596
train_loss: 0.12656914063671046
SHAPE: (1024, 1024)
********
epoch: 41     time: 18036
train_loss: 0.11878739540161712
SHAPE: (1024, 1024)
********
epoch: 42     time: 18476
train_loss: 0.1153198073275782
SHAPE: (1024, 1024)
********
epoch: 43     time: 18917
train_loss: 0.11947705456762789
SHAPE: (1024, 1024)
********
epoch: 44     time: 19356
train_loss: 0.12169263161491621
SHAPE: (1024, 1024)
********
epoch: 45     time: 19796
train_loss: 0.11871310840114162
SHAPE: (1024, 1024)
********
epoch: 46     time: 20236
train_loss: 0.11665441672262372
SHAPE: (1024, 1024)
update learning rate: 0.000200 -> 0.000040
********
epoch: 47     time: 20676
train_loss: 0.10980060624846677
SHAPE: (1024, 1024)
********
epoch: 48     time: 21116
train_loss: 0.09625968804065718
SHAPE: (1024, 1024)
********
epoch: 49     time: 21557
train_loss: 0.08779915794730186
SHAPE: (1024, 1024)
********
epoch: 50     time: 22011
train_loss: 0.08097442015287964
SHAPE: (1024, 1024)
********
epoch: 51     time: 22459
train_loss: 0.07533567676239948
SHAPE: (1024, 1024)
********
epoch: 52     time: 22900
train_loss: 0.070898381673266
SHAPE: (1024, 1024)
********
epoch: 53     time: 23344
train_loss: 0.06748975574802817
SHAPE: (1024, 1024)
********
epoch: 54     time: 23785
train_loss: 0.06546634491263958
SHAPE: (1024, 1024)
********
epoch: 55     time: 24226
train_loss: 0.06473887308140436
SHAPE: (1024, 1024)
********
epoch: 56     time: 24667
train_loss: 0.06520012422893824
SHAPE: (1024, 1024)
********
epoch: 57     time: 25108
train_loss: 0.06741657500330174
SHAPE: (1024, 1024)
********
epoch: 58     time: 25548
train_loss: 0.06722918354919596
SHAPE: (1024, 1024)
********
epoch: 59     time: 25987
train_loss: 0.06549706727409822
SHAPE: (1024, 1024)
update learning rate: 0.000040 -> 0.000008
********
epoch: 60     time: 26428
train_loss: 0.06736499535736074
SHAPE: (1024, 1024)
update learning rate: 0.000008 -> 0.000002
********
epoch: 61     time: 26871
train_loss: 0.06920699605398346
SHAPE: (1024, 1024)
update learning rate: 0.000002 -> 0.000000
********
epoch: 62     time: 27312
train_loss: 0.0718591981365631
SHAPE: (1024, 1024)
early stop at 62 epoch
Finish!
